<!DOCTYPE html>
<html>
<head>
    <title>Unittest Results</title>
    <meta charset="utf-8">
    <meta name="viewport" content="width=device-width, initial-scale=1.0">
    <link rel="stylesheet" href="https://maxcdn.bootstrapcdn.com/bootstrap/3.3.6/css/bootstrap.min.css" integrity="sha384-1q8mTJOASx8j1Au+a5WDVnPi2lkFfwwEAa8hDDdjZlpLegxhjVME1fgjWPGmkzs7" crossorigin="anonymous">
</head>
<body>
    <div class="container">
        <div class="row">
            <div class="col-xs-12">
                <h2 class="text-capitalize">Unittest Results</h2>
                <p class='attribute'><strong>Start Time: </strong>2022-06-26 20:27:58</p>
                <p class='attribute'><strong>Duration: </strong>18.92 s</p>
                <p class='attribute'><strong>Summary: </strong>Total: 7, Pass: 5, Error: 2</p>
            </div>
        </div>
        <div class="row">
            <div class="col-xs-12 col-sm-10 col-md-10">
                <table class='table table-hover table-responsive'>
                    <thead>
                        <tr>
                            <th>__main__.PopulixLoginTest</th>
                            <th>Status</th>
                            <th></th>
                        </tr>
                    </thead>
                    <tbody>
                        <tr class='success'>
                            <td class="col-xs-10">test_daftar</td>
                            <td class="col-xs-1">
                                <span class="label label-success" style="display:block;width:40px;">Pass</span>
                            </td>
                            <td class="col-xs-1">
                            </td>
                        </tr>
                        <tr class='success'>
                            <td class="col-xs-10">test_forgetPassword</td>
                            <td class="col-xs-1">
                                <span class="label label-success" style="display:block;width:40px;">Pass</span>
                            </td>
                            <td class="col-xs-1">
                            </td>
                        </tr>
                        <tr class='success'>
                            <td class="col-xs-10">test_homePageTitle</td>
                            <td class="col-xs-1">
                                <span class="label label-success" style="display:block;width:40px;">Pass</span>
                            </td>
                            <td class="col-xs-1">
                            </td>
                        </tr>
                        <tr class='success'>
                            <td class="col-xs-10">test_login</td>
                            <td class="col-xs-1">
                                <span class="label label-success" style="display:block;width:40px;">Pass</span>
                            </td>
                            <td class="col-xs-1">
                            </td>
                        </tr>
                        <tr class='success'>
                            <td class="col-xs-10">test_loginEmailPasswordKosong</td>
                            <td class="col-xs-1">
                                <span class="label label-success" style="display:block;width:40px;">Pass</span>
                            </td>
                            <td class="col-xs-1">
                            </td>
                        </tr>
                        <tr class='warning'>
                            <td class="col-xs-10">test_loginFacebook</td>
                            <td class="col-xs-1">
                                <span class="label label-warning" style="display:block;width:40px;">Error</span>
                            </td>
                            <td class="col-xs-1">
                                <button class="btn btn-default btn-xs">View</button>
                            </td>
                        </tr>
                        <tr style="display:none;">
                            <td class="col-xs-9" colspan="3"><p style="color:maroon;">WebDriverException: Message: unknown error: unexpected command response
  (Session info: chrome=103.0.5060.53)
Stacktrace:
Backtrace:
	Ordinal0 [0x0105D953+2414931]
	Ordinal0 [0x00FEF5E1+1963489]
	Ordinal0 [0x00EDC6B8+837304]
	Ordinal0 [0x00ECEB34+781108]
	Ordinal0 [0x00ECE06A+778346]
	Ordinal0 [0x00ECD646+775750]
	Ordinal0 [0x00ECCEBC+773820]
	Ordinal0 [0x00EE2197+860567]
	Ordinal0 [0x00F34B55+1198933]
	Ordinal0 [0x00F242B6+1131190]
	Ordinal0 [0x00EFE860+976992]
	Ordinal0 [0x00EFF756+980822]
	GetHandleVerifier [0x012CCC62+2510274]
	GetHandleVerifier [0x012BF760+2455744]
	GetHandleVerifier [0x010EEABA+551962]
	GetHandleVerifier [0x010ED916+547446]
	Ordinal0 [0x00FF5F3B+1990459]
	Ordinal0 [0x00FFA898+2009240]
	Ordinal0 [0x00FFA985+2009477]
	Ordinal0 [0x01003AD1+2046673]
	BaseThreadInitThunk [0x76E8FA29+25]
	RtlGetAppContainerNamedObjectPath [0x77D37A9E+286]
	RtlGetAppContainerNamedObjectPath [0x77D37A6E+238]
</p><p style="color:maroon;">Traceback (most recent call last):
  File "c:\tanamduit\python\PopulixTest\LoginPage_Test.py", line 72, in test_loginFacebook
    fb.browser.find_element(By.XPATH, '//*[@id="login_facebook"]').click()
  File "C:\Users\HP\AppData\Local\Programs\Python\Python310\lib\site-packages\selenium\webdriver\remote\webelement.py", line 89, in click
    self._execute(Command.CLICK_ELEMENT)
  File "C:\Users\HP\AppData\Local\Programs\Python\Python310\lib\site-packages\selenium\webdriver\remote\webelement.py", line 773, in _execute
    return self._parent.execute(command, params)
  File "C:\Users\HP\AppData\Local\Programs\Python\Python310\lib\site-packages\selenium\webdriver\remote\webdriver.py", line 430, in execute
    self.error_handler.check_response(response)
  File "C:\Users\HP\AppData\Local\Programs\Python\Python310\lib\site-packages\selenium\webdriver\remote\errorhandler.py", line 247, in check_response
    raise exception_class(message, screen, stacktrace)
selenium.common.exceptions.WebDriverException: Message: unknown error: unexpected command response
  (Session info: chrome=103.0.5060.53)
Stacktrace:
Backtrace:
	Ordinal0 [0x0105D953+2414931]
	Ordinal0 [0x00FEF5E1+1963489]
	Ordinal0 [0x00EDC6B8+837304]
	Ordinal0 [0x00ECEB34+781108]
	Ordinal0 [0x00ECE06A+778346]
	Ordinal0 [0x00ECD646+775750]
	Ordinal0 [0x00ECCEBC+773820]
	Ordinal0 [0x00EE2197+860567]
	Ordinal0 [0x00F34B55+1198933]
	Ordinal0 [0x00F242B6+1131190]
	Ordinal0 [0x00EFE860+976992]
	Ordinal0 [0x00EFF756+980822]
	GetHandleVerifier [0x012CCC62+2510274]
	GetHandleVerifier [0x012BF760+2455744]
	GetHandleVerifier [0x010EEABA+551962]
	GetHandleVerifier [0x010ED916+547446]
	Ordinal0 [0x00FF5F3B+1990459]
	Ordinal0 [0x00FFA898+2009240]
	Ordinal0 [0x00FFA985+2009477]
	Ordinal0 [0x01003AD1+2046673]
	BaseThreadInitThunk [0x76E8FA29+25]
	RtlGetAppContainerNamedObjectPath [0x77D37A9E+286]
	RtlGetAppContainerNamedObjectPath [0x77D37A6E+238]

</p>
                            </td>
                        </tr>
                        <tr class='warning'>
                            <td class="col-xs-10">test_loginGoogle</td>
                            <td class="col-xs-1">
                                <span class="label label-warning" style="display:block;width:40px;">Error</span>
                            </td>
                            <td class="col-xs-1">
                                <button class="btn btn-default btn-xs">View</button>
                            </td>
                        </tr>
                        <tr style="display:none;">
                            <td class="col-xs-9" colspan="3"><p style="color:maroon;">NoSuchElementException: Message: no such element: Unable to locate element: {"method":"css selector","selector":"[id="btn_resend"]"}
  (Session info: chrome=103.0.5060.53)
Stacktrace:
Backtrace:
	Ordinal0 [0x0105D953+2414931]
	Ordinal0 [0x00FEF5E1+1963489]
	Ordinal0 [0x00EDC6B8+837304]
	Ordinal0 [0x00F09500+1021184]
	Ordinal0 [0x00F0979B+1021851]
	Ordinal0 [0x00F36502+1205506]
	Ordinal0 [0x00F244E4+1131748]
	Ordinal0 [0x00F34812+1198098]
	Ordinal0 [0x00F242B6+1131190]
	Ordinal0 [0x00EFE860+976992]
	Ordinal0 [0x00EFF756+980822]
	GetHandleVerifier [0x012CCC62+2510274]
	GetHandleVerifier [0x012BF760+2455744]
	GetHandleVerifier [0x010EEABA+551962]
	GetHandleVerifier [0x010ED916+547446]
	Ordinal0 [0x00FF5F3B+1990459]
	Ordinal0 [0x00FFA898+2009240]
	Ordinal0 [0x00FFA985+2009477]
	Ordinal0 [0x01003AD1+2046673]
	BaseThreadInitThunk [0x76E8FA29+25]
	RtlGetAppContainerNamedObjectPath [0x77D37A9E+286]
	RtlGetAppContainerNamedObjectPath [0x77D37A6E+238]
</p><p style="color:maroon;">Traceback (most recent call last):
  File "c:\tanamduit\python\PopulixTest\LoginPage_Test.py", line 82, in test_loginGoogle
    ggl.browser.find_element(By.ID, value="btn_resend").click()
  File "C:\Users\HP\AppData\Local\Programs\Python\Python310\lib\site-packages\selenium\webdriver\remote\webdriver.py", line 1251, in find_element
    return self.execute(Command.FIND_ELEMENT, {
  File "C:\Users\HP\AppData\Local\Programs\Python\Python310\lib\site-packages\selenium\webdriver\remote\webdriver.py", line 430, in execute
    self.error_handler.check_response(response)
  File "C:\Users\HP\AppData\Local\Programs\Python\Python310\lib\site-packages\selenium\webdriver\remote\errorhandler.py", line 247, in check_response
    raise exception_class(message, screen, stacktrace)
selenium.common.exceptions.NoSuchElementException: Message: no such element: Unable to locate element: {"method":"css selector","selector":"[id="btn_resend"]"}
  (Session info: chrome=103.0.5060.53)
Stacktrace:
Backtrace:
	Ordinal0 [0x0105D953+2414931]
	Ordinal0 [0x00FEF5E1+1963489]
	Ordinal0 [0x00EDC6B8+837304]
	Ordinal0 [0x00F09500+1021184]
	Ordinal0 [0x00F0979B+1021851]
	Ordinal0 [0x00F36502+1205506]
	Ordinal0 [0x00F244E4+1131748]
	Ordinal0 [0x00F34812+1198098]
	Ordinal0 [0x00F242B6+1131190]
	Ordinal0 [0x00EFE860+976992]
	Ordinal0 [0x00EFF756+980822]
	GetHandleVerifier [0x012CCC62+2510274]
	GetHandleVerifier [0x012BF760+2455744]
	GetHandleVerifier [0x010EEABA+551962]
	GetHandleVerifier [0x010ED916+547446]
	Ordinal0 [0x00FF5F3B+1990459]
	Ordinal0 [0x00FFA898+2009240]
	Ordinal0 [0x00FFA985+2009477]
	Ordinal0 [0x01003AD1+2046673]
	BaseThreadInitThunk [0x76E8FA29+25]
	RtlGetAppContainerNamedObjectPath [0x77D37A9E+286]
	RtlGetAppContainerNamedObjectPath [0x77D37A6E+238]

</p>
                            </td>
                        </tr>
                        <tr>
                            <td colspan="3">
                                Total: 7, Pass: 5, Error: 2 -- Duration: 18.92 s
                            </td>
                        </tr>
                    </tbody>
                </table>
            </div>
        </div>
    </div>
    <script src="https://ajax.googleapis.com/ajax/libs/jquery/2.2.4/jquery.min.js"></script>
    <script type="text/javascript">
        $(document).ready(function(){
            $('td').on('click', '.btn', function(e){
                e.preventDefault();
                e.stopImmediatePropagation();
                var $this = $(this);
                var $nextRow = $this.closest('tr').next('tr');
                $nextRow.slideToggle("fast");
                $this.text(function(i, text){
                    if (text === 'View') {
                        return 'Hide';
                    } else {
                        return 'View';
                    };
                });
            });
        });
    </script>
</body>
</html